
> dev
> vite


  VITE v7.1.5  ready in 761 ms

  ➜  Local:   http://127.0.0.1:5174/

  LARAVEL v12.28.1  plugin v2.0.1

  ➜  APP_URL: http://localhost
2:21:23 AM [vite] (client) hmr update /resources/css/app.css?direct, /resources/css/needy/needy.css, /resources/css/filament/theme.css?direct
2:21:53 AM [vite] (client) hmr update /resources/css/app.css?direct, /resources/css/needy/needy.css, /resources/css/filament/theme.css?direct
2:23:09 AM [vite] (client) hmr update /resources/css/app.css?direct, /resources/css/needy/needy.css, /resources/css/filament/theme.css?direct
2:23:56 AM [vite] (client) hmr update /resources/css/app.css?direct, /resources/css/needy/needy.css, /resources/css/filament/theme.css?direct
2:27:48 AM [vite] (client) hmr update /resources/css/app.css?direct, /resources/css/needy/needy.css, /resources/css/filament/theme.css?direct
2:28:02 AM [vite] (client) hmr update /resources/css/app.css?direct, /resources/css/needy/needy.css, /resources/css/filament/theme.css?direct
2:28:27 AM [vite] (client) hmr update /resources/css/app.css?direct, /resources/css/needy/needy.css, /resources/css/filament/theme.css?direct
2:28:59 AM [vite] (client) hmr update /resources/css/app.css?direct, /resources/css/needy/needy.css, /resources/css/filament/theme.css?direct
2:29:46 AM [vite] (client) hmr update /resources/css/app.css?direct, /resources/css/needy/needy.css, /resources/css/filament/theme.css?direct
2:30:00 AM [vite] (client) hmr update /resources/css/app.css?direct, /resources/css/needy/needy.css, /resources/css/filament/theme.css?direct
2:30:11 AM [vite] (client) hmr update /resources/css/app.css?direct, /resources/css/needy/needy.css, /resources/css/filament/theme.css?direct
2:30:18 AM [vite] (client) hmr update /resources/css/app.css?direct, /resources/css/needy/needy.css, /resources/css/filament/theme.css?direct
2:33:30 AM [vite] (client) hmr update /resources/css/app.css?direct, /resources/css/needy/needy.css, /resources/css/filament/theme.css?direct
2:34:02 AM [vite] (client) hmr update /resources/css/app.css?direct, /resources/css/needy/needy.css, /resources/css/filament/theme.css?direct
2:34:19 AM [vite] (client) hmr update /resources/css/app.css?direct, /resources/css/needy/needy.css, /resources/css/filament/theme.css?direct
2:34:26 AM [vite] (client) hmr update /resources/css/app.css?direct, /resources/css/needy/needy.css, /resources/css/filament/theme.css?direct
2:40:59 AM [vite] (client) hmr update /resources/css/app.css?direct, /resources/css/needy/needy.css, /resources/css/filament/theme.css?direct
2:41:17 AM [vite] (client) hmr update /resources/css/app.css?direct, /resources/css/needy/needy.css, /resources/css/filament/theme.css?direct
2:41:24 AM [vite] (client) hmr update /resources/css/app.css?direct, /resources/css/needy/needy.css, /resources/css/filament/theme.css?direct
2:41:40 AM [vite] (client) hmr update /resources/css/app.css?direct, /resources/css/needy/needy.css, /resources/css/filament/theme.css?direct
2:41:55 AM [vite] (client) hmr update /resources/css/app.css?direct, /resources/css/needy/needy.css, /resources/css/filament/theme.css?direct
2:42:15 AM [vite] (client) hmr update /resources/css/app.css?direct, /resources/css/needy/needy.css, /resources/css/filament/theme.css?direct
2:44:24 AM [vite] (client) hmr update /resources/css/app.css?direct, /resources/css/needy/needy.css, /resources/css/filament/theme.css?direct
2:44:31 AM [vite] (client) hmr update /resources/css/app.css?direct, /resources/css/needy/needy.css, /resources/css/filament/theme.css?direct
2:45:24 AM [vite] (client) hmr update /resources/css/app.css?direct, /resources/css/needy/needy.css, /resources/css/filament/theme.css?direct
2:45:38 AM [vite] (client) hmr update /resources/css/app.css?direct, /resources/css/needy/needy.css, /resources/css/filament/theme.css?direct
2:46:00 AM [vite] (client) hmr update /resources/css/app.css?direct, /resources/css/needy/needy.css, /resources/css/filament/theme.css?direct
2:51:26 AM [vite] (client) hmr update /resources/css/app.css?direct, /resources/css/needy/needy.css, /resources/css/filament/theme.css?direct
2:51:37 AM [vite] (client) hmr update /resources/css/app.css?direct, /resources/css/needy/needy.css, /resources/css/filament/theme.css?direct
2:51:49 AM [vite] (client) hmr update /resources/css/app.css?direct, /resources/css/needy/needy.css, /resources/css/filament/theme.css?direct
2:51:57 AM [vite] (client) hmr update /resources/css/app.css?direct, /resources/css/needy/needy.css, /resources/css/filament/theme.css?direct
2:52:17 AM [vite] (client) hmr update /resources/css/app.css?direct, /resources/css/needy/needy.css, /resources/css/filament/theme.css?direct
2:52:37 AM [vite] (client) hmr update /resources/css/app.css?direct, /resources/css/needy/needy.css, /resources/css/filament/theme.css?direct
2:52:53 AM [vite] (client) hmr update /resources/css/app.css?direct, /resources/css/needy/needy.css, /resources/css/filament/theme.css?direct
2:53:05 AM [vite] (client) hmr update /resources/css/app.css?direct, /resources/css/needy/needy.css, /resources/css/filament/theme.css?direct
2:57:12 AM [vite] (client) hmr update /resources/css/app.css?direct, /resources/css/needy/needy.css
2:57:22 AM [vite] (client) hmr update /resources/css/app.css?direct, /resources/css/needy/needy.css
2:57:46 AM [vite] (client) hmr update /resources/css/app.css?direct, /resources/css/needy/needy.css, /resources/css/filament/theme.css?direct
2:57:52 AM [vite] (client) hmr update /resources/css/app.css?direct, /resources/css/needy/needy.css, /resources/css/filament/theme.css?direct
2:58:03 AM [vite] (client) hmr update /resources/css/app.css?direct, /resources/css/needy/needy.css, /resources/css/filament/theme.css?direct
2:58:28 AM [vite] (client) hmr update /resources/css/app.css?direct, /resources/css/needy/needy.css, /resources/css/filament/theme.css?direct
2:58:36 AM [vite] (client) hmr update /resources/css/app.css?direct, /resources/css/needy/needy.css, /resources/css/filament/theme.css?direct
3:01:41 AM [vite] (client) hmr update /resources/css/app.css?direct, /resources/css/needy/needy.css, /resources/css/filament/theme.css?direct
3:02:23 AM [vite] (client) hmr update /resources/css/app.css?direct, /resources/css/needy/needy.css, /resources/css/filament/theme.css?direct
3:02:32 AM [vite] (client) hmr update /resources/css/app.css?direct, /resources/css/needy/needy.css, /resources/css/filament/theme.css?direct
3:03:10 AM [vite] (client) hmr update /resources/css/app.css?direct, /resources/css/needy/needy.css, /resources/css/filament/theme.css?direct
3:03:22 AM [vite] (client) hmr update /resources/css/app.css?direct, /resources/css/needy/needy.css, /resources/css/filament/theme.css?direct
3:04:00 AM [vite] (client) hmr update /resources/css/app.css?direct, /resources/css/needy/needy.css, /resources/css/filament/theme.css?direct
3:04:08 AM [vite] (client) hmr update /resources/css/app.css?direct, /resources/css/needy/needy.css, /resources/css/filament/theme.css?direct
3:04:22 AM [vite] (client) hmr update /resources/css/app.css?direct, /resources/css/needy/needy.css, /resources/css/filament/theme.css?direct
3:16:25 AM [vite] (client) hmr update /resources/css/app.css?direct, /resources/css/needy/needy.css, /resources/css/filament/theme.css?direct
3:16:31 AM [vite] (client) hmr update /resources/css/app.css?direct, /resources/css/needy/needy.css, /resources/css/filament/theme.css?direct
3:16:38 AM [vite] (client) hmr update /resources/css/app.css?direct, /resources/css/needy/needy.css, /resources/css/filament/theme.css?direct
3:17:49 AM [vite] (client) hmr update /resources/css/app.css?direct, /resources/css/needy/needy.css, /resources/css/filament/theme.css?direct
3:17:57 AM [vite] (client) hmr update /resources/css/app.css?direct, /resources/css/needy/needy.css, /resources/css/filament/theme.css?direct
3:18:07 AM [vite] (client) hmr update /resources/css/app.css?direct, /resources/css/needy/needy.css, /resources/css/filament/theme.css?direct
3:18:14 AM [vite] (client) hmr update /resources/css/app.css?direct, /resources/css/needy/needy.css, /resources/css/filament/theme.css?direct
3:18:24 AM [vite] (client) hmr update /resources/css/app.css?direct, /resources/css/needy/needy.css, /resources/css/filament/theme.css?direct
3:23:15 AM [vite] (client) hmr update /resources/css/app.css?direct, /resources/css/needy/needy.css, /resources/css/filament/theme.css?direct
3:23:24 AM [vite] (client) hmr update /resources/css/app.css?direct, /resources/css/needy/needy.css, /resources/css/filament/theme.css?direct
3:23:41 AM [vite] (client) hmr update /resources/css/app.css?direct, /resources/css/needy/needy.css, /resources/css/filament/theme.css?direct
3:24:06 AM [vite] (client) hmr update /resources/css/app.css?direct, /resources/css/needy/needy.css, /resources/css/filament/theme.css?direct
3:24:22 AM [vite] (client) hmr update /resources/css/app.css?direct, /resources/css/needy/needy.css, /resources/css/filament/theme.css?direct
3:25:28 AM [vite] (client) hmr update /resources/css/app.css?direct, /resources/css/needy/needy.css, /resources/css/filament/theme.css?direct
3:25:38 AM [vite] (client) hmr update /resources/css/app.css?direct, /resources/css/needy/needy.css, /resources/css/filament/theme.css?direct
3:25:49 AM [vite] (client) hmr update /resources/css/app.css?direct, /resources/css/needy/needy.css, /resources/css/filament/theme.css?direct
3:26:01 AM [vite] (client) hmr update /resources/css/app.css?direct, /resources/css/needy/needy.css, /resources/css/filament/theme.css?direct
3:26:07 AM [vite] (client) hmr update /resources/css/app.css?direct, /resources/css/needy/needy.css, /resources/css/filament/theme.css?direct
3:28:21 AM [vite] (client) hmr update /resources/css/app.css?direct, /resources/css/needy/needy.css, /resources/css/filament/theme.css?direct
3:28:39 AM [vite] (client) hmr update /resources/css/app.css?direct, /resources/css/needy/needy.css, /resources/css/filament/theme.css?direct
3:35:07 AM [vite] (client) hmr update /resources/css/app.css?direct, /resources/css/needy/needy.css, /resources/css/filament/theme.css?direct
3:44:23 AM [vite] (client) hmr update /resources/css/app.css?direct, /resources/css/needy/needy.css, /resources/css/filament/theme.css?direct
3:44:35 AM [vite] (client) hmr update /resources/css/app.css?direct, /resources/css/needy/needy.css, /resources/css/filament/theme.css?direct
3:44:44 AM [vite] (client) hmr update /resources/css/app.css?direct, /resources/css/needy/needy.css, /resources/css/filament/theme.css?direct
3:46:16 AM [vite] (client) hmr update /resources/css/app.css?direct, /resources/css/needy/needy.css, /resources/css/filament/theme.css?direct
4:01:39 AM [vite] (client) hmr update /resources/css/app.css?direct, /resources/css/needy/needy.css, /resources/css/filament/theme.css?direct
4:01:46 AM [vite] (client) hmr update /resources/css/app.css?direct, /resources/css/needy/needy.css, /resources/css/filament/theme.css?direct
4:03:10 AM [vite] (client) hmr update /resources/css/app.css?direct, /resources/css/needy/needy.css, /resources/css/filament/theme.css?direct
4:03:22 AM [vite] (client) hmr update /resources/css/app.css?direct, /resources/css/needy/needy.css, /resources/css/filament/theme.css?direct
4:04:10 AM [vite] (client) hmr update /resources/css/app.css?direct, /resources/css/needy/needy.css, /resources/css/filament/theme.css?direct
4:04:18 AM [vite] (client) hmr update /resources/css/app.css?direct, /resources/css/needy/needy.css, /resources/css/filament/theme.css?direct
4:04:32 AM [vite] (client) hmr update /resources/css/app.css?direct, /resources/css/needy/needy.css, /resources/css/filament/theme.css?direct
4:05:01 AM [vite] (client) hmr update /resources/css/app.css?direct, /resources/css/needy/needy.css, /resources/css/filament/theme.css?direct
4:05:15 AM [vite] (client) hmr update /resources/css/app.css?direct, /resources/css/needy/needy.css, /resources/css/filament/theme.css?direct
4:05:28 AM [vite] (client) hmr update /resources/css/app.css?direct, /resources/css/needy/needy.css, /resources/css/filament/theme.css?direct
4:05:34 AM [vite] (client) hmr update /resources/css/app.css?direct, /resources/css/needy/needy.css, /resources/css/filament/theme.css?direct
4:05:47 AM [vite] (client) hmr update /resources/css/app.css?direct, /resources/css/needy/needy.css, /resources/css/filament/theme.css?direct
4:06:03 AM [vite] (client) hmr update /resources/css/app.css?direct, /resources/css/needy/needy.css, /resources/css/filament/theme.css?direct
4:06:22 AM [vite] (client) hmr update /resources/css/app.css?direct, /resources/css/needy/needy.css, /resources/css/filament/theme.css?direct
4:12:45 AM [vite] (client) hmr update /resources/css/app.css?direct, /resources/css/needy/needy.css, /resources/css/filament/theme.css?direct
4:12:54 AM [vite] (client) hmr update /resources/css/app.css?direct, /resources/css/needy/needy.css, /resources/css/filament/theme.css?direct
4:13:11 AM [vite] (client) hmr update /resources/css/app.css?direct, /resources/css/needy/needy.css, /resources/css/filament/theme.css?direct
4:13:19 AM [vite] (client) hmr update /resources/css/app.css?direct, /resources/css/needy/needy.css, /resources/css/filament/theme.css?direct
4:13:28 AM [vite] (client) hmr update /resources/css/app.css?direct, /resources/css/needy/needy.css, /resources/css/filament/theme.css?direct
4:40:54 AM [vite] full reload resources/views/filament/pages/agenda.blade.php
4:40:54 AM [vite] full reload resources/views/filament/pages/agenda.blade.php
4:41:05 AM [vite] full reload resources/views/filament/pages/user-settings.blade.php
4:41:05 AM [vite] full reload resources/views/filament/pages/user-settings.blade.php
4:41:30 AM [vite] full reload resources/views/filament/pages/shared/team-management.blade.php
4:41:30 AM [vite] full reload resources/views/filament/pages/shared/team-management.blade.php
4:41:30 AM [vite] full reload resources/views/filament/pages/shared/incoming-festivals.blade.php
4:41:30 AM [vite] full reload resources/views/filament/pages/source/hosted-movies.blade.php
4:41:30 AM [vite] full reload resources/views/filament/pages/source/movie-resources.blade.php
4:41:30 AM [vite] full reload resources/views/filament/pages/manager/festival-resources.blade.php
4:41:30 AM [vite] full reload resources/views/filament/pages/manager/festival-settings.blade.php
4:41:30 AM [vite] full reload resources/views/filament/pages/tech/tech-tools.blade.php
4:41:30 AM [vite] full reload resources/views/filament/pages/cinema/cinema-settings.blade.php
4:41:30 AM [vite] full reload resources/views/filament/pages/cinema/screen-settings.blade.php
4:42:13 AM [vite] (client) hmr update /resources/css/needy/needy.css, /resources/css/app.css?direct
4:42:34 AM [vite] (client) hmr update /resources/css/needy/needy.css, /resources/css/app.css?direct
4:42:43 AM [vite] (client) hmr update /resources/css/needy/needy.css, /resources/css/app.css?direct
4:42:53 AM [vite] (client) hmr update /resources/css/needy/needy.css, /resources/css/app.css?direct
4:43:02 AM [vite] (client) hmr update /resources/css/needy/needy.css, /resources/css/app.css?direct
4:43:12 AM [vite] (client) hmr update /resources/css/needy/needy.css, /resources/css/app.css?direct
4:43:27 AM [vite] (client) hmr update /resources/css/needy/needy.css, /resources/css/app.css?direct
4:43:35 AM [vite] (client) hmr update /resources/css/needy/needy.css, /resources/css/app.css?direct
4:43:43 AM [vite] (client) hmr update /resources/css/needy/needy.css, /resources/css/app.css?direct
4:43:52 AM [vite] (client) hmr update /resources/css/needy/needy.css, /resources/css/app.css?direct
5:09:20 AM [vite] (client) hmr update /resources/css/needy/needy.css, /resources/css/app.css?direct
5:10:57 AM [vite] full reload resources/views/filament/pages/agenda.blade.php
5:10:57 AM [vite] (client) hmr update /resources/css/needy/needy.css, /resources/css/app.css?direct
5:11:11 AM [vite] full reload resources/views/filament/pages/user-settings.blade.php
5:11:11 AM [vite] (client) hmr update /resources/css/needy/needy.css, /resources/css/app.css?direct
5:11:23 AM [vite] full reload resources/views/filament/pages/shared/incoming-festivals.blade.php
5:11:23 AM [vite] (client) hmr update /resources/css/needy/needy.css, /resources/css/app.css?direct
5:11:23 AM [vite] full reload resources/views/filament/pages/shared/team-management.blade.php
5:11:23 AM [vite] (client) hmr update /resources/css/needy/needy.css, /resources/css/app.css?direct
5:11:23 AM [vite] full reload resources/views/filament/pages/source/hosted-movies.blade.php
5:11:23 AM [vite] (client) hmr update /resources/css/needy/needy.css, /resources/css/app.css?direct
5:11:23 AM [vite] full reload resources/views/filament/pages/source/movie-resources.blade.php
5:11:23 AM [vite] (client) hmr update /resources/css/needy/needy.css, /resources/css/app.css?direct
5:11:23 AM [vite] full reload resources/views/filament/pages/manager/festival-resources.blade.php
5:11:23 AM [vite] (client) hmr update /resources/css/needy/needy.css, /resources/css/app.css?direct
5:11:23 AM [vite] full reload resources/views/filament/pages/manager/festival-resources.blade.php
5:11:23 AM [vite] (client) hmr update /resources/css/needy/needy.css, /resources/css/app.css?direct
5:11:23 AM [vite] full reload resources/views/filament/pages/manager/festival-settings.blade.php
5:11:23 AM [vite] (client) hmr update /resources/css/needy/needy.css, /resources/css/app.css?direct
5:11:23 AM [vite] full reload resources/views/filament/pages/tech/tech-tools.blade.php
5:11:23 AM [vite] (client) hmr update /resources/css/needy/needy.css, /resources/css/app.css?direct
5:11:23 AM [vite] full reload resources/views/filament/pages/cinema/cinema-settings.blade.php
5:11:23 AM [vite] (client) hmr update /resources/css/needy/needy.css, /resources/css/app.css?direct
5:11:23 AM [vite] full reload resources/views/filament/pages/cinema/screen-settings.blade.php
5:11:23 AM [vite] (client) hmr update /resources/css/needy/needy.css, /resources/css/app.css?direct
5:19:28 AM [vite] (client) hmr update /resources/css/app.css?direct, /resources/css/needy/needy.css, /resources/css/filament/theme.css?direct
5:19:37 AM [vite] (client) hmr update /resources/css/app.css?direct, /resources/css/needy/needy.css, /resources/css/filament/theme.css?direct
5:20:11 AM [vite] (client) hmr update /resources/css/app.css?direct, /resources/css/needy/needy.css, /resources/css/filament/theme.css?direct
5:20:18 AM [vite] (client) hmr update /resources/css/app.css?direct, /resources/css/needy/needy.css, /resources/css/filament/theme.css?direct
5:21:01 AM [vite] (client) hmr update /resources/css/app.css?direct, /resources/css/needy/needy.css, /resources/css/filament/theme.css?direct
1:43:20 AM [vite] (client) hmr update /resources/css/app.css?direct, /resources/css/needy/needy.css, /resources/css/filament/theme.css?direct
